Arguments: 
  /usr/local/bin/node /Users/vladbalin/.yarn/bin/yarn.js

PATH: 
  /Users/vladbalin/.yarn/bin:/Users/vladbalin/.config/yarn/global/node_modules/.bin:/usr/local/bin:/usr/bin:/bin:/usr/sbin:/sbin:/usr/local/go/bin:/Users/vladbalin/.yarn/bin:/Users/vladbalin/.config/yarn/global/node_modules/.bin

Yarn version: 
  1.17.3

Node version: 
  8.9.4

Platform: 
  darwin x64

Trace: 
  Error: https://registry.yarnpkg.com/@type-r%2fmodels: Not found
      at Request.params.callback [as _callback] (/Users/vladbalin/.yarn/lib/cli.js:66830:18)
      at Request.self.callback (/Users/vladbalin/.yarn/lib/cli.js:140464:22)
      at emitTwo (events.js:126:13)
      at Request.emit (events.js:214:7)
      at Request.<anonymous> (/Users/vladbalin/.yarn/lib/cli.js:141436:10)
      at emitOne (events.js:116:13)
      at Request.emit (events.js:211:7)
      at IncomingMessage.<anonymous> (/Users/vladbalin/.yarn/lib/cli.js:141358:12)
      at Object.onceWrapper (events.js:313:30)
      at emitNone (events.js:111:20)

npm manifest: 
  {
    "private": true,
    "name": "checklist-tree",
    "version": "2.0.0",
    "dependencies": {
      "@babel/runtime": "^7.5.5",
      "@type-r/models": "^4.0.0",
      "@type-r/react": "^4.0.0",
      "react": "^16.1.1",
      "react-dom": "^16.1.1"
    },
    "devDependencies": {
      "@babel/core": "*",
      "@babel/plugin-proposal-class-properties": "^7.5.5",
      "@babel/plugin-proposal-decorators": "^7.4.4",
      "@babel/plugin-transform-runtime": "^7.5.5",
      "@babel/preset-env": "^7.5.5",
      "@babel/preset-react": "^7.0.0",
      "babel-loader": "*",
      "css-loader": "*",
      "source-map-loader": "*",
      "style-loader": "*",
      "webpack": "^3.8.1"
    },
    "scripts": {
      "test": "echo \"Error: no test specified\" && exit 1",
      "build": "node_modules/.bin/webpack",
      "watch": "node_modules/.bin/webpack --progress --colors --watch"
    }
  }

yarn manifest: 
  No manifest

Lockfile: 
  No lockfile
